2020-06-26 12:04:38,174 DEBUG [main] [] [] u.o.l.s.c.SysOutOverSLF4JInitialiser(56) - Your logging framework class ch.qos.logback.classic.Logger should not need access to the standard println methods on the console, so you should not need to register a logging system package.
2020-06-26 12:04:38,187 INFO  [main] [] [] u.o.l.s.c.SysOutOverSLF4J(56) - Replaced standard System.out and System.err PrintStreams with SLF4JPrintStreams
2020-06-26 12:04:38,192 INFO  [main] [] [] u.o.l.s.c.SysOutOverSLF4J(48) - Redirected System.out and System.err to SLF4J for this context
2020-06-26 12:04:38,192 INFO  [main] [] [] l.Main              (48) - in Main
2020-06-26 12:04:38,193 INFO  [main] [] [] l.Main              (38) - application resolved root folder: C:\Users\admin\Desktop\rcpit_tpo
2020-06-26 12:04:39,204 INFO  [main] [] [] l.Main              (76) - configuring app with basedir: C:\Users\admin\Desktop\rcpit_tpo\WebContent
2020-06-26 12:04:39,213 INFO  [main] [] [] l.Main              (86) - loading WEB-INF resources from as 'C:\Users\admin\Desktop\rcpit_tpo\target\classes'
2020-06-26 12:04:40,646 INFO  [main] [] [] l.Main              (94) - WebApp Started on port : 9001
2020-06-26 12:04:56,215 INFO  [http-nio-9001-exec-8] [] [] s.AdminLogin        (46) - User: null, data:{password=8c6976e5b5410415bde908bd4dee15dfb167a9c873fc4bb8a81f6f2ab448a918, email=admin@gmail.com}
2020-06-26 12:04:56,307 INFO  [http-nio-9001-exec-8] [] [] l.Main              (38) - application resolved root folder: C:\Users\admin\Desktop\rcpit_tpo
2020-06-26 12:04:59,074 INFO  [http-nio-9001-exec-10] [] [] c.DBconnect         (32) - Connected
2020-06-26 12:29:12,474 INFO  [http-nio-9001-exec-8] [] [] s.SendNotification  (74) - User: admin@gmail.com, data:{msg=congratulation, to_company=swidden, subject=Congratulations mail, to=PLACED_IN}
2020-06-26 12:29:12,570 INFO  [http-nio-9001-exec-8] [] [] s.SendNotification  (151) - Sending Email to : 
2020-06-26 12:29:12,571 INFO  [http-nio-9001-exec-8] [] [] s.SendNotification  (154) - saurabhnikum99@gmail.com
2020-06-26 12:29:24,694 INFO  [http-nio-9001-exec-8] [] [] s.SendNotification  (166) - Done
2020-06-26 12:29:24,696 INFO  [http-nio-9001-exec-8] [] [] s.SendNotification  (173) - Email Sent Sucessfully!
2020-06-26 12:31:16,779 DEBUG [main] [] [] u.o.l.s.c.SysOutOverSLF4JInitialiser(56) - Your logging framework class ch.qos.logback.classic.Logger should not need access to the standard println methods on the console, so you should not need to register a logging system package.
2020-06-26 12:31:16,788 INFO  [main] [] [] u.o.l.s.c.SysOutOverSLF4J(56) - Replaced standard System.out and System.err PrintStreams with SLF4JPrintStreams
2020-06-26 12:31:16,795 INFO  [main] [] [] u.o.l.s.c.SysOutOverSLF4J(48) - Redirected System.out and System.err to SLF4J for this context
2020-06-26 12:31:16,796 INFO  [main] [] [] l.Main              (48) - in Main
2020-06-26 12:31:16,797 INFO  [main] [] [] l.Main              (38) - application resolved root folder: C:\Users\admin\Desktop\rcpit_tpo
2020-06-26 12:31:17,742 INFO  [main] [] [] l.Main              (76) - configuring app with basedir: C:\Users\admin\Desktop\rcpit_tpo\WebContent
2020-06-26 12:31:17,749 INFO  [main] [] [] l.Main              (86) - loading WEB-INF resources from as 'C:\Users\admin\Desktop\rcpit_tpo\target\classes'
2020-06-26 12:31:19,072 INFO  [main] [] [] l.Main              (94) - WebApp Started on port : 9001
2020-06-26 12:31:41,124 INFO  [http-nio-9001-exec-3] [] [] s.AdminLogin        (46) - User: null, data:{password=8c6976e5b5410415bde908bd4dee15dfb167a9c873fc4bb8a81f6f2ab448a918, email=admin@gmail.com}
2020-06-26 12:31:41,175 INFO  [http-nio-9001-exec-3] [] [] l.Main              (38) - application resolved root folder: C:\Users\admin\Desktop\rcpit_tpo
2020-06-26 12:31:43,002 INFO  [http-nio-9001-exec-5] [] [] c.DBconnect         (32) - Connected
2020-06-26 12:31:57,968 INFO  [http-nio-9001-exec-7] [] [] s.SendNotification  (74) - User: admin@gmail.com, data:{msg=congratulations to you , to_company=swidden, subject=Congratulations mail, to=PLACED_IN}
2020-06-26 12:31:57,993 INFO  [http-nio-9001-exec-7] [] [] s.SendNotification  (159) - Sending Email to : 
2020-06-26 12:31:57,996 INFO  [http-nio-9001-exec-7] [] [] s.SendNotification  (162) - saurabhnikum99@gmail.com
2020-06-26 12:32:08,395 INFO  [http-nio-9001-exec-7] [] [] s.SendNotification  (174) - Done
2020-06-26 12:32:08,397 INFO  [http-nio-9001-exec-7] [] [] s.SendNotification  (181) - Email Sent Sucessfully!
2020-06-26 12:34:28,380 INFO  [http-nio-9001-exec-5] [] [] s.CompanyLogin      (49) - User: null, data:{password=aadbc934daf4b91c8ab0c100a16783c3e7575f92dc6c0bffdc85cb844eb7ace8, email=swidden@gmail.com}
2020-06-26 12:34:36,712 INFO  [http-nio-9001-exec-7] [] [] viewStudentCompany_JSP(281) - 55
2020-06-26 12:34:36,713 INFO  [http-nio-9001-exec-7] [] [] viewStudentCompany_JSP(281) - 55
2020-06-26 12:34:36,715 INFO  [http-nio-9001-exec-7] [] [] viewStudentCompany_JSP(281) - 5.9
2020-06-26 12:34:36,719 INFO  [http-nio-9001-exec-7] [] [] viewStudentCompany_JSP(281) - 0
2020-06-26 12:34:36,720 INFO  [http-nio-9001-exec-7] [] [] viewStudentCompany_JSP(281) - 0
2020-06-26 12:34:41,216 INFO  [http-nio-9001-exec-7] [] [] notifyStudents_JSP  (243) - select count(ROLL_NO) from student where SSC_MARKS >= '55' AND HSC_MARKS >=  '55' AND CGPA >=  '5.9' AND ACTIVE_BACKLOG <=0 AND GAP<=0 AND BRANCH in ('Computer','Electronics','Mechanical','Civil','Electronics and telecommunication')
2020-06-26 12:34:41,219 INFO  [http-nio-9001-exec-7] [] [] notifyStudents_JSP  (247) - count of student is : 6
2020-06-26 12:34:41,220 INFO  [http-nio-9001-exec-7] [] [] notifyStudents_JSP  (263) - count of student is : 1
2020-06-26 12:34:54,982 INFO  [http-nio-9001-exec-9] [] [] s.SendNotification  (74) - User: swidden, data:{msg=congratulations, to_company=swidden, subject=Congratulations mail, to=PLACED_IN, is_company=true}
2020-06-26 12:34:54,990 INFO  [http-nio-9001-exec-9] [] [] s.SendNotification  (159) - Sending Email to : 
2020-06-26 12:34:54,991 INFO  [http-nio-9001-exec-9] [] [] s.SendNotification  (162) - saurabhnikum99@gmail.com
2020-06-26 12:35:04,630 INFO  [http-nio-9001-exec-9] [] [] s.SendNotification  (174) - Done
2020-06-26 12:35:04,632 INFO  [http-nio-9001-exec-9] [] [] s.SendNotification  (181) - Email Sent Sucessfully!
2020-06-26 12:35:04,659 INFO  [http-nio-9001-exec-10] [] [] notifyStudents_JSP  (243) - select count(ROLL_NO) from student where SSC_MARKS >= '55' AND HSC_MARKS >=  '55' AND CGPA >=  '5.9' AND ACTIVE_BACKLOG <=0 AND GAP<=0 AND BRANCH in ('Computer','Electronics','Mechanical','Civil','Electronics and telecommunication')
2020-06-26 12:35:04,663 INFO  [http-nio-9001-exec-10] [] [] notifyStudents_JSP  (247) - count of student is : 6
2020-06-26 12:35:04,667 INFO  [http-nio-9001-exec-10] [] [] notifyStudents_JSP  (263) - count of student is : 1
2020-06-26 12:36:20,115 DEBUG [main] [] [] u.o.l.s.c.SysOutOverSLF4JInitialiser(56) - Your logging framework class ch.qos.logback.classic.Logger should not need access to the standard println methods on the console, so you should not need to register a logging system package.
2020-06-26 12:36:20,123 INFO  [main] [] [] u.o.l.s.c.SysOutOverSLF4J(56) - Replaced standard System.out and System.err PrintStreams with SLF4JPrintStreams
2020-06-26 12:36:20,140 INFO  [main] [] [] u.o.l.s.c.SysOutOverSLF4J(48) - Redirected System.out and System.err to SLF4J for this context
2020-06-26 12:36:20,141 INFO  [main] [] [] l.Main              (48) - in Main
2020-06-26 12:36:20,142 INFO  [main] [] [] l.Main              (38) - application resolved root folder: C:\Users\admin\Desktop\rcpit_tpo
2020-06-26 12:36:21,010 INFO  [main] [] [] l.Main              (76) - configuring app with basedir: C:\Users\admin\Desktop\rcpit_tpo\WebContent
2020-06-26 12:36:21,014 INFO  [main] [] [] l.Main              (86) - loading WEB-INF resources from as 'C:\Users\admin\Desktop\rcpit_tpo\target\classes'
2020-06-26 12:36:22,237 INFO  [main] [] [] l.Main              (94) - WebApp Started on port : 9001
2020-06-26 12:36:34,702 INFO  [http-nio-9001-exec-3] [] [] s.CompanyLogin      (49) - User: null, data:{password=aadbc934daf4b91c8ab0c100a16783c3e7575f92dc6c0bffdc85cb844eb7ace8, email=swidden@gmail.com}
2020-06-26 12:36:34,709 INFO  [http-nio-9001-exec-3] [] [] l.Main              (38) - application resolved root folder: C:\Users\admin\Desktop\rcpit_tpo
2020-06-26 12:36:34,858 INFO  [http-nio-9001-exec-3] [] [] c.DBconnect         (32) - Connected
2020-06-26 12:36:37,787 INFO  [http-nio-9001-exec-6] [] [] notifyStudents_JSP  (243) - select count(ROLL_NO) from student where SSC_MARKS >= '55' AND HSC_MARKS >=  '55' AND CGPA >=  '5.9' AND ACTIVE_BACKLOG <=0 AND GAP<=0 AND BRANCH in ('Computer','Electronics','Mechanical','Civil','Electronics and telecommunication')
2020-06-26 12:36:37,790 INFO  [http-nio-9001-exec-6] [] [] notifyStudents_JSP  (247) - count of student is : 6
2020-06-26 12:36:37,791 INFO  [http-nio-9001-exec-6] [] [] notifyStudents_JSP  (263) - count of student is : 1
2020-06-26 12:36:47,629 INFO  [http-nio-9001-exec-8] [] [] s.SendNotification  (74) - User: swidden, data:{msg=congratulations mail, to_company=swidden, subject=Congratulations mail, to=PLACED_IN, is_company=true}
2020-06-26 12:36:47,665 INFO  [http-nio-9001-exec-8] [] [] s.SendNotification  (159) - Sending Email to : 
2020-06-26 12:36:47,666 INFO  [http-nio-9001-exec-8] [] [] s.SendNotification  (162) - saurabhnikum99@gmail.com
2020-06-26 12:36:57,973 INFO  [http-nio-9001-exec-8] [] [] s.SendNotification  (174) - Done
2020-06-26 12:36:57,975 INFO  [http-nio-9001-exec-8] [] [] s.SendNotification  (181) - Email Sent Sucessfully!
2020-06-26 12:36:58,001 INFO  [http-nio-9001-exec-10] [] [] notifyStudents_JSP  (243) - select count(ROLL_NO) from student where SSC_MARKS >= '55' AND HSC_MARKS >=  '55' AND CGPA >=  '5.9' AND ACTIVE_BACKLOG <=0 AND GAP<=0 AND BRANCH in ('Computer','Electronics','Mechanical','Civil','Electronics and telecommunication')
2020-06-26 12:36:58,003 INFO  [http-nio-9001-exec-10] [] [] notifyStudents_JSP  (247) - count of student is : 6
2020-06-26 12:36:58,005 INFO  [http-nio-9001-exec-10] [] [] notifyStudents_JSP  (263) - count of student is : 1
2020-06-26 12:39:01,259 INFO  [http-nio-9001-exec-5] [] [] s.AdminLogin        (46) - User: null, data:{password=8c6976e5b5410415bde908bd4dee15dfb167a9c873fc4bb8a81f6f2ab448a918, email=admin@gmail.com}
2020-06-26 12:39:26,758 INFO  [http-nio-9001-exec-10] [] [] s.SendNotification  (74) - User: admin@gmail.com, data:{msg=Congratulations mail, to_company=swidden, subject=Congratulations mail, to=PLACED_IN}
2020-06-26 12:39:26,766 INFO  [http-nio-9001-exec-10] [] [] s.SendNotification  (159) - Sending Email to : 
2020-06-26 12:39:26,769 INFO  [http-nio-9001-exec-10] [] [] s.SendNotification  (162) - saurabhnikum99@gmail.com
2020-06-26 12:39:36,570 INFO  [http-nio-9001-exec-10] [] [] s.SendNotification  (174) - Done
2020-06-26 12:39:36,572 INFO  [http-nio-9001-exec-10] [] [] s.SendNotification  (181) - Email Sent Sucessfully!
2020-06-26 12:57:40,345 DEBUG [main] [] [] u.o.l.s.c.SysOutOverSLF4JInitialiser(56) - Your logging framework class ch.qos.logback.classic.Logger should not need access to the standard println methods on the console, so you should not need to register a logging system package.
2020-06-26 12:57:40,361 INFO  [main] [] [] u.o.l.s.c.SysOutOverSLF4J(56) - Replaced standard System.out and System.err PrintStreams with SLF4JPrintStreams
2020-06-26 12:57:40,377 INFO  [main] [] [] u.o.l.s.c.SysOutOverSLF4J(48) - Redirected System.out and System.err to SLF4J for this context
2020-06-26 12:57:40,377 INFO  [main] [] [] l.Main              (48) - in Main
2020-06-26 12:57:40,377 INFO  [main] [] [] l.Main              (38) - application resolved root folder: D:\Final Project\RCPIT-TPO-WEBSITE
2020-06-26 12:57:41,279 INFO  [main] [] [] l.Main              (76) - configuring app with basedir: D:\Final Project\RCPIT-TPO-WEBSITE\WebContent
2020-06-26 12:57:41,285 INFO  [main] [] [] l.Main              (86) - loading WEB-INF resources from as 'D:\Final Project\RCPIT-TPO-WEBSITE\target\classes'
2020-06-26 12:57:42,504 INFO  [main] [] [] l.Main              (94) - WebApp Started on port : 9001
2020-06-26 12:58:20,525 INFO  [http-nio-9001-exec-4] [] [] s.AdminLogin        (46) - User: null, data:{password=8c6976e5b5410415bde908bd4dee15dfb167a9c873fc4bb8a81f6f2ab448a918, email=admin@gmail.com}
2020-06-26 12:58:20,531 INFO  [http-nio-9001-exec-4] [] [] l.Main              (38) - application resolved root folder: D:\Final Project\RCPIT-TPO-WEBSITE
